2021-07-28 02:19:40.647  WARN 22416 --- [HikariPool-1 housekeeper] com.zaxxer.hikari.pool.HikariPool        : HikariPool-1 - Thread starvation or clock leap detected (housekeeper delta=7h59m36s897ms513µs).
2021-07-28 03:52:36.664  WARN 22416 --- [HikariPool-1 housekeeper] com.zaxxer.hikari.pool.HikariPool        : HikariPool-1 - Thread starvation or clock leap detected (housekeeper delta=1h32m56s23ms466µs700ns).
2021-07-28 04:34:35.364  WARN 22416 --- [HikariPool-1 housekeeper] com.zaxxer.hikari.pool.HikariPool        : HikariPool-1 - Thread starvation or clock leap detected (housekeeper delta=39m28s645ms792µs900ns).
2021-07-28 07:52:22.355  WARN 22416 --- [HikariPool-1 housekeeper] com.zaxxer.hikari.pool.HikariPool        : HikariPool-1 - Thread starvation or clock leap detected (housekeeper delta=3h17m46s991ms386µs400ns).
2021-07-28 08:50:10.159  INFO 23952 --- [main] com.example.demo.MaggieApplication       : Starting MaggieApplication on DESKTOP-KVU7K8E with PID 23952 (C:\Users\mltay\nd035-c4-Security-and-DevOps\starter_code\target\classes started by mltay in C:\Users\mltay\nd035-c4-Security-and-DevOps)
2021-07-28 08:50:10.161  INFO 23952 --- [main] com.example.demo.MaggieApplication       : No active profile set, falling back to default profiles: default
2021-07-28 08:50:10.733  INFO 23952 --- [main] .s.d.r.c.RepositoryConfigurationDelegate : Bootstrapping Spring Data repositories in DEFAULT mode.
2021-07-28 08:50:10.792  INFO 23952 --- [main] .s.d.r.c.RepositoryConfigurationDelegate : Finished Spring Data repository scanning in 52ms. Found 4 repository interfaces.
2021-07-28 08:50:11.191  INFO 23952 --- [main] trationDelegate$BeanPostProcessorChecker : Bean 'org.springframework.transaction.annotation.ProxyTransactionManagementConfiguration' of type [org.springframework.transaction.annotation.ProxyTransactionManagementConfiguration$$EnhancerBySpringCGLIB$$fb2373ee] is not eligible for getting processed by all BeanPostProcessors (for example: not eligible for auto-proxying)
2021-07-28 08:50:11.402  INFO 23952 --- [main] o.s.b.w.embedded.tomcat.TomcatWebServer  : Tomcat initialized with port(s): 8080 (http)
2021-07-28 08:50:11.430  INFO 23952 --- [main] o.apache.catalina.core.StandardService   : Starting service [Tomcat]
2021-07-28 08:50:11.430  INFO 23952 --- [main] org.apache.catalina.core.StandardEngine  : Starting Servlet engine: [Apache Tomcat/9.0.19]
2021-07-28 08:50:11.531  INFO 23952 --- [main] o.a.c.c.C.[Tomcat].[localhost].[/]       : Initializing Spring embedded WebApplicationContext
2021-07-28 08:50:11.532  INFO 23952 --- [main] o.s.web.context.ContextLoader            : Root WebApplicationContext: initialization completed in 1328 ms
2021-07-28 08:50:11.667  INFO 23952 --- [main] com.zaxxer.hikari.HikariDataSource       : HikariPool-1 - Starting...
2021-07-28 08:50:11.755  INFO 23952 --- [main] com.zaxxer.hikari.HikariDataSource       : HikariPool-1 - Start completed.
2021-07-28 08:50:11.794  INFO 23952 --- [main] o.hibernate.jpa.internal.util.LogHelper  : HHH000204: Processing PersistenceUnitInfo [
	name: default
	...]
2021-07-28 08:50:11.852  INFO 23952 --- [main] org.hibernate.Version                    : HHH000412: Hibernate Core {5.3.10.Final}
2021-07-28 08:50:11.854  INFO 23952 --- [main] org.hibernate.cfg.Environment            : HHH000206: hibernate.properties not found
2021-07-28 08:50:11.993  INFO 23952 --- [main] o.hibernate.annotations.common.Version   : HCANN000001: Hibernate Commons Annotations {5.0.4.Final}
2021-07-28 08:50:12.098  INFO 23952 --- [main] org.hibernate.dialect.Dialect            : HHH000400: Using dialect: org.hibernate.dialect.H2Dialect
2021-07-28 08:50:12.691  INFO 23952 --- [main] j.LocalContainerEntityManagerFactoryBean : Initialized JPA EntityManagerFactory for persistence unit 'default'
2021-07-28 08:50:13.115  WARN 23952 --- [main] aWebConfiguration$JpaWebMvcConfiguration : spring.jpa.open-in-view is enabled by default. Therefore, database queries may be performed during view rendering. Explicitly configure spring.jpa.open-in-view to disable this warning
2021-07-28 08:50:13.179  INFO 23952 --- [main] o.s.s.web.DefaultSecurityFilterChain     : Creating filter chain: any request, [org.springframework.security.web.context.request.async.WebAsyncManagerIntegrationFilter@353422fd, org.springframework.security.web.context.SecurityContextPersistenceFilter@aa794a3, org.springframework.security.web.header.HeaderWriterFilter@7a51dc38, org.springframework.web.filter.CorsFilter@654cb30c, org.springframework.security.web.authentication.logout.LogoutFilter@55665086, com.example.demo.security.AuthenticationFilter@5cc669d, com.example.demo.security.AuthenticationVerificationFilter@351be56b, org.springframework.security.web.savedrequest.RequestCacheAwareFilter@22cb8e5f, org.springframework.security.web.servletapi.SecurityContextHolderAwareRequestFilter@1fec9d33, org.springframework.security.web.authentication.AnonymousAuthenticationFilter@212c0aff, org.springframework.security.web.session.SessionManagementFilter@2842ef02, org.springframework.security.web.access.ExceptionTranslationFilter@a926db4, org.springframework.security.web.access.intercept.FilterSecurityInterceptor@66589252]
2021-07-28 08:50:13.253  INFO 23952 --- [main] o.s.s.concurrent.ThreadPoolTaskExecutor  : Initializing ExecutorService 'applicationTaskExecutor'
2021-07-28 08:50:13.381  INFO 23952 --- [main] o.s.b.w.embedded.tomcat.TomcatWebServer  : Tomcat started on port(s): 8080 (http) with context path ''
2021-07-28 08:50:13.384  INFO 23952 --- [main] com.example.demo.MaggieApplication       : Started MaggieApplication in 3.485 seconds (JVM running for 4.283)
